<?xml version="1.0" encoding="UTF-8"?>
<!-- Generated by org.testng.reporters.JUnitXMLReporter -->
<testsuite ignored="0" hostname="DESKTOP-PISS8JH" failures="0" tests="7" name="Test" time="0.173" errors="0" timestamp="2024-01-14T14:22:05 IST">
  <testcase classname="Test.Day1" name="Demo" time="0.02"/>
  <testcase classname="Test.Day1" name="secondtest" time="0.009"/>
  <testcase classname="Test.day2" name="Weblogin" time="0.002"/>
  <testcase classname="Test.day2" name="basics" time="0.005"/>
  <testcase classname="Test.day3" name="Apihomeloan" time="0.003"/>
  <testcase classname="Test.day3" name="Mobilelogincarloan" time="0.003"/>
  <testcase classname="Test.day3" name="Mobilesignincarloan" time="0.013"/>
</testsuite> <!-- Test -->
