<?xml version="1.0" encoding="UTF-8"?>
<!-- Generated by org.testng.reporters.JUnitXMLReporter -->
<testsuite ignored="0" hostname="DESKTOP-PISS8JH" failures="0" tests="3" name="Test" time="13.617" errors="0" timestamp="2024-04-18T20:57:54 IST">
  <testcase classname="rahulshettyacademy.pagelanding.Testng" name="mobile" time="0.021"/>
  <testcase classname="rahulshettyacademy.pagelanding.Testng" name="prac" time="0.001"/>
  <testcase classname="rahulshettyacademy.pagelanding.StandAloneTest" name="Testecommerce" time="13.49"/>
</testsuite> <!-- Test -->
