<?xml version="1.0" encoding="UTF-8"?>
<testng-results ignored="0" total="1" passed="1" failed="0" skipped="0">
  <reporter-output>
  </reporter-output>
  <suite started-at="2024-04-18T20:58:38 IST" name="Default suite" finished-at="2024-04-18T20:58:51 IST" duration-ms="13399">
    <groups>
    </groups>
    <test started-at="2024-04-18T20:58:38 IST" name="Default test" finished-at="2024-04-18T20:58:51 IST" duration-ms="13399">
      <class name="rahulshettyacademy.pagelanding.StandAloneTestng">
        <test-method signature="testEcommerceSite()[pri:0, instance:rahulshettyacademy.pagelanding.StandAloneTestng@66d3eec0]" started-at="2024-04-18T20:58:38 IST" name="testEcommerceSite" finished-at="2024-04-18T20:58:51 IST" duration-ms="13309" status="PASS">
          <reporter-output>
          </reporter-output>
        </test-method> <!-- testEcommerceSite -->
      </class> <!-- rahulshettyacademy.pagelanding.StandAloneTestng -->
    </test> <!-- Default test -->
  </suite> <!-- Default suite -->
</testng-results>
