<?xml version="1.0" encoding="UTF-8"?>
<testng-results ignored="0" total="7" passed="7" failed="0" skipped="0">
  <reporter-output>
  </reporter-output>
  <suite started-at="2024-01-14T14:22:05 IST" name="Suite" finished-at="2024-01-14T14:22:05 IST" duration-ms="173">
    <groups>
    </groups>
    <test started-at="2024-01-14T14:22:05 IST" name="Test" finished-at="2024-01-14T14:22:05 IST" duration-ms="173">
      <class name="Test.day3">
        <test-method signature="Apihomeloan()[pri:0, instance:Test.day3@6babf3bf]" started-at="2024-01-14T14:22:05 IST" name="Apihomeloan" finished-at="2024-01-14T14:22:05 IST" duration-ms="3" status="PASS">
          <reporter-output>
          </reporter-output>
        </test-method> <!-- Apihomeloan -->
        <test-method signature="Mobilelogincarloan()[pri:0, instance:Test.day3@6babf3bf]" started-at="2024-01-14T14:22:05 IST" name="Mobilelogincarloan" finished-at="2024-01-14T14:22:05 IST" duration-ms="3" status="PASS">
          <reporter-output>
          </reporter-output>
        </test-method> <!-- Mobilelogincarloan -->
        <test-method signature="Mobilesignincarloan()[pri:0, instance:Test.day3@6babf3bf]" started-at="2024-01-14T14:22:05 IST" name="Mobilesignincarloan" finished-at="2024-01-14T14:22:05 IST" duration-ms="13" status="PASS">
          <reporter-output>
          </reporter-output>
        </test-method> <!-- Mobilesignincarloan -->
      </class> <!-- Test.day3 -->
      <class name="Test.Day1">
        <test-method signature="Demo()[pri:0, instance:Test.Day1@1b6e1eff]" started-at="2024-01-14T14:22:05 IST" name="Demo" finished-at="2024-01-14T14:22:05 IST" duration-ms="20" status="PASS">
          <reporter-output>
          </reporter-output>
        </test-method> <!-- Demo -->
        <test-method signature="secondtest()[pri:0, instance:Test.Day1@1b6e1eff]" started-at="2024-01-14T14:22:05 IST" name="secondtest" finished-at="2024-01-14T14:22:05 IST" duration-ms="9" status="PASS">
          <reporter-output>
          </reporter-output>
        </test-method> <!-- secondtest -->
      </class> <!-- Test.Day1 -->
      <class name="Test.day2">
        <test-method signature="Weblogin()[pri:0, instance:Test.day2@101952da]" started-at="2024-01-14T14:22:05 IST" name="Weblogin" finished-at="2024-01-14T14:22:05 IST" duration-ms="2" status="PASS">
          <reporter-output>
          </reporter-output>
        </test-method> <!-- Weblogin -->
        <test-method signature="basics()[pri:0, instance:Test.day2@101952da]" started-at="2024-01-14T14:22:05 IST" name="basics" finished-at="2024-01-14T14:22:05 IST" duration-ms="5" status="PASS">
          <reporter-output>
          </reporter-output>
        </test-method> <!-- basics -->
      </class> <!-- Test.day2 -->
    </test> <!-- Test -->
  </suite> <!-- Suite -->
</testng-results>
